<?xml version="1.0" encoding="UTF-8"?>
<!-- Generated by org.testng.reporters.JUnitXMLReporter -->
<testsuite ignored="2" hostname="DESKTOP-KMSC2NJ" failures="0" tests="3" name="Test" time="66.425" errors="0" timestamp="20 Aug 2023 11:46:30 GMT">
  <testcase classname="Module.SmokeTest" name="testOne" time="27.234"/>
  <testcase classname="Module.SmokeTest" name="testTwo" time="8.907"/>
  <testcase classname="Module.SmokeTest" name="testThree" time="27.921"/>
  <testcase classname="base.Baseclass1" name="@BeforeTest invokeBrowser" time="0.0">
    <ignored/>
  </testcase> <!-- @BeforeTest invokeBrowser -->
  <testcase classname="base.Baseclass1" name="@AfterSuite close" time="0.0">
    <ignored/>
  </testcase> <!-- @AfterSuite close -->
</testsuite> <!-- Test -->
